=== [context_core_obsidian_vault] Sync started at 2025-06-10 04:45:38 PM ===
From https://github.com/nbaradar/context_core_obsidian_vault
 * branch            main       -> FETCH_HEAD
Already up to date.
[main bc3add6] Auto sync: 2025-06-10 16:45:39
 1 file changed, 1 insertion(+)
To https://github.com/nbaradar/context_core_obsidian_vault.git
   1b024cc..bc3add6  main -> main
✅ Synced at 2025-06-10 04:45:39 PM
=== [context_core_obsidian_vault] Sync started at 2025-06-10 04:46:55 PM ===
From https://github.com/nbaradar/context_core_obsidian_vault
 * branch            main       -> FETCH_HEAD
Already up to date.
[main 5eff842] Auto sync: 2025-06-10 16:46:55
 1 file changed, 9 insertions(+)
To https://github.com/nbaradar/context_core_obsidian_vault.git
   bc3add6..5eff842  main -> main
✅ Synced at 2025-06-10 04:46:56 PM
=== [context_core_obsidian_vault] Sync started at 2025-06-10 05:04:23 PM ===
From https://github.com/nbaradar/context_core_obsidian_vault
 * branch            main       -> FETCH_HEAD
Already up to date.
[main f7ae014] Auto sync: 2025-06-10 17:04:23
 1 file changed, 9 insertions(+)
To https://github.com/nbaradar/context_core_obsidian_vault.git
   5eff842..f7ae014  main -> main
✅ Synced at 2025-06-10 05:04:24 PM
=== [context_core_obsidian_vault] Sync started at 2025-06-10 05:19:13 PM ===
From https://github.com/nbaradar/context_core_obsidian_vault
 * branch            main       -> FETCH_HEAD
Already up to date.
